<?xml version="1.0" encoding="UTF-8"?>
<!-- Generated by org.testng.reporters.JUnitReportReporter -->
<testsuite hostname="LIN24010283" failures="0" tests="1" name="Practice.demo" time="0.007" errors="0" timestamp="2024-03-27T14:39:28 IST" skipped="0">
  <testcase classname="Practice.demo" name="day1" time="0.007"/>
  <system-out/>
</testsuite> <!-- Practice.demo -->
