<?xml version="1.0" encoding="UTF-8"?>
<!-- Generated by org.testng.reporters.JUnitReportReporter -->
<testsuite hostname="LIN24010283" failures="0" tests="1" name="Sakshi.TestNG1.test" time="0.003" errors="0" timestamp="2024-03-26T19:43:31 IST" skipped="0">
  <testcase classname="Sakshi.TestNG1.test" name="method1" time="0.003"/>
  <system-out/>
</testsuite> <!-- Sakshi.TestNG1.test -->
