<?xml version="1.0" encoding="UTF-8"?>
<!-- Generated by org.testng.reporters.JUnitReportReporter -->
<testsuite hostname="LIN24010283" failures="0" tests="1" name="Practice.homeloan" time="0.000" errors="0" timestamp="2024-03-27T14:39:28 IST" skipped="0">
  <testcase classname="Practice.homeloan" name="webloginhome" time="0.000"/>
  <system-out/>
</testsuite> <!-- Practice.homeloan -->
